<?xml version="1.0" encoding="UTF-8"?>
<!-- Generated by org.testng.reporters.JUnitXMLReporter -->
<testsuite hostname="DESKTOP-NMTAQ5B" tests="6" failures="0" timestamp="7 Mar 2021 07:02:28 GMT" time="0.04" errors="0">
  <testcase name="DeleteTwitter" time="0.01" classname="APITest"/>
  <testcase name="PostJira" time="0.0" classname="APITest"/>
  <testcase name="AndroidApp" time="0.005" classname="AppiumTest"/>
  <testcase name="IOSApp" time="0.0" classname="AppiumTest"/>
  <testcase name="BrowserAutomation" time="0.0" classname="SeleniumTest"/>
  <testcase name="ElementUI" time="0.0" classname="SeleniumTest"/>
</testsuite>
