<?xml version="1.0" encoding="UTF-8"?>
<!-- Generated by org.testng.reporters.JUnitXMLReporter -->
<testsuite hostname="DESKTOP-NMTAQ5B" ignored="0" tests="5" failures="0" timestamp="2021-03-02T10:01:25 IST" time="0.075" errors="0">
  <testcase name="DeleteTwitter" time="0.005" classname="APITest"/>
  <testcase name="PostJira" time="0.0" classname="APITest"/>
  <testcase name="IOSApp" time="0.0" classname="AppiumTest"/>
  <testcase name="BrowserAutomation" time="0.0" classname="SeleniumTest"/>
  <testcase name="ElementUI" time="0.0" classname="SeleniumTest"/>
</testsuite>
