<?xml version="1.0" encoding="UTF-8"?>
<testng-results skipped="0" failed="0" total="6" passed="6">
  <reporter-output>
  </reporter-output>
  <suite name="Command line suite" duration-ms="40" started-at="2021-03-07T07:02:28Z" finished-at="2021-03-07T07:02:28Z">
    <groups>
    </groups>
    <test name="Command line test" duration-ms="40" started-at="2021-03-07T07:02:28Z" finished-at="2021-03-07T07:02:28Z">
      <class name="AppiumTest">
        <test-method status="PASS" signature="AndroidApp()[pri:0, instance:AppiumTest@6615435c]" name="AndroidApp" duration-ms="5" started-at="2021-03-07T12:32:28Z" finished-at="2021-03-07T12:32:28Z">
          <reporter-output>
          </reporter-output>
        </test-method> <!-- AndroidApp -->
        <test-method status="PASS" signature="IOSApp()[pri:0, instance:AppiumTest@6615435c]" name="IOSApp" duration-ms="0" started-at="2021-03-07T12:32:28Z" finished-at="2021-03-07T12:32:28Z">
          <reporter-output>
          </reporter-output>
        </test-method> <!-- IOSApp -->
      </class> <!-- AppiumTest -->
      <class name="APITest">
        <test-method status="PASS" signature="DeleteTwitter()[pri:0, instance:APITest@1936f0f5]" name="DeleteTwitter" duration-ms="10" started-at="2021-03-07T12:32:28Z" finished-at="2021-03-07T12:32:28Z">
          <reporter-output>
          </reporter-output>
        </test-method> <!-- DeleteTwitter -->
        <test-method status="PASS" signature="PostJira()[pri:0, instance:APITest@1936f0f5]" name="PostJira" duration-ms="0" started-at="2021-03-07T12:32:28Z" finished-at="2021-03-07T12:32:28Z">
          <reporter-output>
          </reporter-output>
        </test-method> <!-- PostJira -->
      </class> <!-- APITest -->
      <class name="SeleniumTest">
        <test-method status="PASS" signature="ElementUI()[pri:0, instance:SeleniumTest@2ef9b8bc]" name="ElementUI" duration-ms="0" started-at="2021-03-07T12:32:28Z" finished-at="2021-03-07T12:32:28Z">
          <reporter-output>
          </reporter-output>
        </test-method> <!-- ElementUI -->
        <test-method status="PASS" signature="BrowserAutomation()[pri:0, instance:SeleniumTest@2ef9b8bc]" name="BrowserAutomation" duration-ms="0" started-at="2021-03-07T12:32:28Z" finished-at="2021-03-07T12:32:28Z">
          <reporter-output>
          </reporter-output>
        </test-method> <!-- BrowserAutomation -->
      </class> <!-- SeleniumTest -->
    </test> <!-- Command line test -->
  </suite> <!-- Command line suite -->
</testng-results>
